<?xml version="1.0" encoding="UTF-8"?>
<testsuite xmlns:xsi="http://www.w3.org/2001/XMLSchema-instance" xsi:noNamespaceSchemaLocation="https://maven.apache.org/surefire/maven-surefire-plugin/xsd/surefire-test-report.xsd" name="com.pkaushik.safeHome.SafeHomeApplicationTests" time="1.335" tests="16" errors="13" skipped="0" failures="2">
  <properties>
    <property name="sun.desktop" value="windows"/>
    <property name="awt.toolkit" value="sun.awt.windows.WToolkit"/>
    <property name="file.encoding.pkg" value="sun.io"/>
    <property name="java.specification.version" value="1.8"/>
    <property name="sun.cpu.isalist" value="amd64"/>
    <property name="sun.jnu.encoding" value="Cp1252"/>
    <property name="java.class.path" value="C:\Users\Preyansh\safeHome\target\test-classes;C:\Users\Preyansh\safeHome\target\classes;C:\Users\Preyansh\.m2\repository\org\springframework\boot\spring-boot-starter-aop\2.2.0.M2\spring-boot-starter-aop-2.2.0.M2.jar;C:\Users\Preyansh\.m2\repository\org\springframework\boot\spring-boot-starter\2.2.0.M2\spring-boot-starter-2.2.0.M2.jar;C:\Users\Preyansh\.m2\repository\org\springframework\boot\spring-boot-starter-logging\2.2.0.M2\spring-boot-starter-logging-2.2.0.M2.jar;C:\Users\Preyansh\.m2\repository\ch\qos\logback\logback-classic\1.2.3\logback-classic-1.2.3.jar;C:\Users\Preyansh\.m2\repository\ch\qos\logback\logback-core\1.2.3\logback-core-1.2.3.jar;C:\Users\Preyansh\.m2\repository\org\apache\logging\log4j\log4j-to-slf4j\2.11.2\log4j-to-slf4j-2.11.2.jar;C:\Users\Preyansh\.m2\repository\org\apache\logging\log4j\log4j-api\2.11.2\log4j-api-2.11.2.jar;C:\Users\Preyansh\.m2\repository\org\slf4j\jul-to-slf4j\1.7.26\jul-to-slf4j-1.7.26.jar;C:\Users\Preyansh\.m2\repository\jakarta\annotation\jakarta.annotation-api\1.3.4\jakarta.annotation-api-1.3.4.jar;C:\Users\Preyansh\.m2\repository\org\yaml\snakeyaml\1.24\snakeyaml-1.24.jar;C:\Users\Preyansh\.m2\repository\org\springframework\spring-aop\5.2.0.M1\spring-aop-5.2.0.M1.jar;C:\Users\Preyansh\.m2\repository\org\springframework\spring-beans\5.2.0.M1\spring-beans-5.2.0.M1.jar;C:\Users\Preyansh\.m2\repository\org\aspectj\aspectjweaver\1.9.3\aspectjweaver-1.9.3.jar;C:\Users\Preyansh\.m2\repository\org\springframework\boot\spring-boot-starter-web\2.2.0.M2\spring-boot-starter-web-2.2.0.M2.jar;C:\Users\Preyansh\.m2\repository\org\springframework\boot\spring-boot-starter-json\2.2.0.M2\spring-boot-starter-json-2.2.0.M2.jar;C:\Users\Preyansh\.m2\repository\com\fasterxml\jackson\core\jackson-databind\2.9.8\jackson-databind-2.9.8.jar;C:\Users\Preyansh\.m2\repository\com\fasterxml\jackson\core\jackson-annotations\2.9.0\jackson-annotations-2.9.0.jar;C:\Users\Preyansh\.m2\repository\com\fasterxml\jackson\core\jackson-core\2.9.8\jackson-core-2.9.8.jar;C:\Users\Preyansh\.m2\repository\com\fasterxml\jackson\datatype\jackson-datatype-jdk8\2.9.8\jackson-datatype-jdk8-2.9.8.jar;C:\Users\Preyansh\.m2\repository\com\fasterxml\jackson\datatype\jackson-datatype-jsr310\2.9.8\jackson-datatype-jsr310-2.9.8.jar;C:\Users\Preyansh\.m2\repository\com\fasterxml\jackson\module\jackson-module-parameter-names\2.9.8\jackson-module-parameter-names-2.9.8.jar;C:\Users\Preyansh\.m2\repository\org\springframework\boot\spring-boot-starter-tomcat\2.2.0.M2\spring-boot-starter-tomcat-2.2.0.M2.jar;C:\Users\Preyansh\.m2\repository\org\apache\tomcat\embed\tomcat-embed-core\9.0.17\tomcat-embed-core-9.0.17.jar;C:\Users\Preyansh\.m2\repository\org\apache\tomcat\embed\tomcat-embed-el\9.0.17\tomcat-embed-el-9.0.17.jar;C:\Users\Preyansh\.m2\repository\org\apache\tomcat\embed\tomcat-embed-websocket\9.0.17\tomcat-embed-websocket-9.0.17.jar;C:\Users\Preyansh\.m2\repository\org\springframework\boot\spring-boot-starter-validation\2.2.0.M2\spring-boot-starter-validation-2.2.0.M2.jar;C:\Users\Preyansh\.m2\repository\jakarta\validation\jakarta.validation-api\2.0.1\jakarta.validation-api-2.0.1.jar;C:\Users\Preyansh\.m2\repository\org\hibernate\validator\hibernate-validator\6.0.16.Final\hibernate-validator-6.0.16.Final.jar;C:\Users\Preyansh\.m2\repository\org\jboss\logging\jboss-logging\3.3.2.Final\jboss-logging-3.3.2.Final.jar;C:\Users\Preyansh\.m2\repository\com\fasterxml\classmate\1.5.0\classmate-1.5.0.jar;C:\Users\Preyansh\.m2\repository\org\springframework\spring-web\5.2.0.M1\spring-web-5.2.0.M1.jar;C:\Users\Preyansh\.m2\repository\org\springframework\spring-webmvc\5.2.0.M1\spring-webmvc-5.2.0.M1.jar;C:\Users\Preyansh\.m2\repository\org\springframework\spring-context\5.2.0.M1\spring-context-5.2.0.M1.jar;C:\Users\Preyansh\.m2\repository\org\springframework\spring-expression\5.2.0.M1\spring-expression-5.2.0.M1.jar;C:\Users\Preyansh\.m2\repository\org\springframework\boot\spring-boot-starter-websocket\2.2.0.M2\spring-boot-starter-websocket-2.2.0.M2.jar;C:\Users\Preyansh\.m2\repository\org\springframework\spring-messaging\5.2.0.M1\spring-messaging-5.2.0.M1.jar;C:\Users\Preyansh\.m2\repository\org\springframework\spring-websocket\5.2.0.M1\spring-websocket-5.2.0.M1.jar;C:\Users\Preyansh\.m2\repository\org\springframework\session\spring-session-core\2.2.0.M1\spring-session-core-2.2.0.M1.jar;C:\Users\Preyansh\.m2\repository\org\springframework\spring-jcl\5.2.0.M1\spring-jcl-5.2.0.M1.jar;C:\Users\Preyansh\.m2\repository\org\springframework\boot\spring-boot-devtools\2.2.0.M2\spring-boot-devtools-2.2.0.M2.jar;C:\Users\Preyansh\.m2\repository\org\springframework\boot\spring-boot\2.2.0.M2\spring-boot-2.2.0.M2.jar;C:\Users\Preyansh\.m2\repository\org\springframework\boot\spring-boot-autoconfigure\2.2.0.M2\spring-boot-autoconfigure-2.2.0.M2.jar;C:\Users\Preyansh\.m2\repository\org\postgresql\postgresql\42.2.5\postgresql-42.2.5.jar;C:\Users\Preyansh\.m2\repository\org\springframework\boot\spring-boot-starter-test\2.2.0.M2\spring-boot-starter-test-2.2.0.M2.jar;C:\Users\Preyansh\.m2\repository\org\springframework\boot\spring-boot-test\2.2.0.M2\spring-boot-test-2.2.0.M2.jar;C:\Users\Preyansh\.m2\repository\org\springframework\boot\spring-boot-test-autoconfigure\2.2.0.M2\spring-boot-test-autoconfigure-2.2.0.M2.jar;C:\Users\Preyansh\.m2\repository\com\jayway\jsonpath\json-path\2.4.0\json-path-2.4.0.jar;C:\Users\Preyansh\.m2\repository\net\minidev\json-smart\2.3\json-smart-2.3.jar;C:\Users\Preyansh\.m2\repository\net\minidev\accessors-smart\1.2\accessors-smart-1.2.jar;C:\Users\Preyansh\.m2\repository\org\ow2\asm\asm\5.0.4\asm-5.0.4.jar;C:\Users\Preyansh\.m2\repository\org\slf4j\slf4j-api\1.7.26\slf4j-api-1.7.26.jar;C:\Users\Preyansh\.m2\repository\jakarta\xml\bind\jakarta.xml.bind-api\2.3.2\jakarta.xml.bind-api-2.3.2.jar;C:\Users\Preyansh\.m2\repository\jakarta\activation\jakarta.activation-api\1.2.1\jakarta.activation-api-1.2.1.jar;C:\Users\Preyansh\.m2\repository\junit\junit\4.12\junit-4.12.jar;C:\Users\Preyansh\.m2\repository\org\assertj\assertj-core\3.12.2\assertj-core-3.12.2.jar;C:\Users\Preyansh\.m2\repository\org\hamcrest\hamcrest-core\1.3\hamcrest-core-1.3.jar;C:\Users\Preyansh\.m2\repository\org\hamcrest\hamcrest-library\1.3\hamcrest-library-1.3.jar;C:\Users\Preyansh\.m2\repository\org\mockito\mockito-core\2.25.1\mockito-core-2.25.1.jar;C:\Users\Preyansh\.m2\repository\net\bytebuddy\byte-buddy\1.9.12\byte-buddy-1.9.12.jar;C:\Users\Preyansh\.m2\repository\net\bytebuddy\byte-buddy-agent\1.9.12\byte-buddy-agent-1.9.12.jar;C:\Users\Preyansh\.m2\repository\org\objenesis\objenesis\2.6\objenesis-2.6.jar;C:\Users\Preyansh\.m2\repository\org\skyscreamer\jsonassert\1.5.0\jsonassert-1.5.0.jar;C:\Users\Preyansh\.m2\repository\com\vaadin\external\google\android-json\0.0.20131108.vaadin1\android-json-0.0.20131108.vaadin1.jar;C:\Users\Preyansh\.m2\repository\org\springframework\spring-core\5.2.0.M1\spring-core-5.2.0.M1.jar;C:\Users\Preyansh\.m2\repository\org\springframework\spring-test\5.2.0.M1\spring-test-5.2.0.M1.jar;C:\Users\Preyansh\.m2\repository\org\xmlunit\xmlunit-core\2.6.2\xmlunit-core-2.6.2.jar;C:\Users\Preyansh\.m2\repository\javax\persistence\persistence-api\1.0.2\persistence-api-1.0.2.jar;C:\Users\Preyansh\.m2\repository\org\springframework\boot\spring-boot-starter-data-jdbc\2.2.0.M2\spring-boot-starter-data-jdbc-2.2.0.M2.jar;C:\Users\Preyansh\.m2\repository\org\springframework\boot\spring-boot-starter-jdbc\2.2.0.M2\spring-boot-starter-jdbc-2.2.0.M2.jar;C:\Users\Preyansh\.m2\repository\com\zaxxer\HikariCP\3.3.1\HikariCP-3.3.1.jar;C:\Users\Preyansh\.m2\repository\org\springframework\spring-jdbc\5.2.0.M1\spring-jdbc-5.2.0.M1.jar;C:\Users\Preyansh\.m2\repository\org\springframework\data\spring-data-jdbc\1.1.0.M3\spring-data-jdbc-1.1.0.M3.jar;C:\Users\Preyansh\.m2\repository\org\springframework\data\spring-data-relational\1.1.0.M3\spring-data-relational-1.1.0.M3.jar;C:\Users\Preyansh\.m2\repository\org\springframework\data\spring-data-commons\2.2.0.M3\spring-data-commons-2.2.0.M3.jar;C:\Users\Preyansh\.m2\repository\org\springframework\spring-tx\5.2.0.M1\spring-tx-5.2.0.M1.jar;C:\Users\Preyansh\.m2\repository\org\assertj\assertj-swing-junit\3.9.2\assertj-swing-junit-3.9.2.jar;C:\Users\Preyansh\.m2\repository\org\assertj\assertj-swing\3.9.2\assertj-swing-3.9.2.jar;C:\Users\Preyansh\.m2\repository\org\easytesting\fest-util\1.2.5\fest-util-1.2.5.jar;C:\Users\Preyansh\.m2\repository\org\easytesting\fest-reflect\1.4.1\fest-reflect-1.4.1.jar;"/>
    <property name="java.vm.vendor" value="Oracle Corporation"/>
    <property name="sun.arch.data.model" value="64"/>
    <property name="user.variant" value=""/>
    <property name="java.vendor.url" value="http://java.oracle.com/"/>
    <property name="user.timezone" value="America/New_York"/>
    <property name="java.vm.specification.version" value="1.8"/>
    <property name="os.name" value="Windows 10"/>
    <property name="user.country" value="US"/>
    <property name="sun.java.launcher" value="SUN_STANDARD"/>
    <property name="sun.boot.library.path" value="C:\Program Files\Java\jdk1.8.0_211\jre\bin"/>
    <property name="sun.java.command" value="C:\Users\Preyansh\AppData\Local\Temp\surefire7181013425406448239\surefirebooter3984648451077499337.jar C:\Users\Preyansh\AppData\Local\Temp\surefire7181013425406448239 2019-06-22T10-45-58_140-jvmRun1 surefire507611422573983149tmp surefire_0781369437427515059tmp"/>
    <property name="surefire.test.class.path" value="C:\Users\Preyansh\safeHome\target\test-classes;C:\Users\Preyansh\safeHome\target\classes;C:\Users\Preyansh\.m2\repository\org\springframework\boot\spring-boot-starter-aop\2.2.0.M2\spring-boot-starter-aop-2.2.0.M2.jar;C:\Users\Preyansh\.m2\repository\org\springframework\boot\spring-boot-starter\2.2.0.M2\spring-boot-starter-2.2.0.M2.jar;C:\Users\Preyansh\.m2\repository\org\springframework\boot\spring-boot-starter-logging\2.2.0.M2\spring-boot-starter-logging-2.2.0.M2.jar;C:\Users\Preyansh\.m2\repository\ch\qos\logback\logback-classic\1.2.3\logback-classic-1.2.3.jar;C:\Users\Preyansh\.m2\repository\ch\qos\logback\logback-core\1.2.3\logback-core-1.2.3.jar;C:\Users\Preyansh\.m2\repository\org\apache\logging\log4j\log4j-to-slf4j\2.11.2\log4j-to-slf4j-2.11.2.jar;C:\Users\Preyansh\.m2\repository\org\apache\logging\log4j\log4j-api\2.11.2\log4j-api-2.11.2.jar;C:\Users\Preyansh\.m2\repository\org\slf4j\jul-to-slf4j\1.7.26\jul-to-slf4j-1.7.26.jar;C:\Users\Preyansh\.m2\repository\jakarta\annotation\jakarta.annotation-api\1.3.4\jakarta.annotation-api-1.3.4.jar;C:\Users\Preyansh\.m2\repository\org\yaml\snakeyaml\1.24\snakeyaml-1.24.jar;C:\Users\Preyansh\.m2\repository\org\springframework\spring-aop\5.2.0.M1\spring-aop-5.2.0.M1.jar;C:\Users\Preyansh\.m2\repository\org\springframework\spring-beans\5.2.0.M1\spring-beans-5.2.0.M1.jar;C:\Users\Preyansh\.m2\repository\org\aspectj\aspectjweaver\1.9.3\aspectjweaver-1.9.3.jar;C:\Users\Preyansh\.m2\repository\org\springframework\boot\spring-boot-starter-web\2.2.0.M2\spring-boot-starter-web-2.2.0.M2.jar;C:\Users\Preyansh\.m2\repository\org\springframework\boot\spring-boot-starter-json\2.2.0.M2\spring-boot-starter-json-2.2.0.M2.jar;C:\Users\Preyansh\.m2\repository\com\fasterxml\jackson\core\jackson-databind\2.9.8\jackson-databind-2.9.8.jar;C:\Users\Preyansh\.m2\repository\com\fasterxml\jackson\core\jackson-annotations\2.9.0\jackson-annotations-2.9.0.jar;C:\Users\Preyansh\.m2\repository\com\fasterxml\jackson\core\jackson-core\2.9.8\jackson-core-2.9.8.jar;C:\Users\Preyansh\.m2\repository\com\fasterxml\jackson\datatype\jackson-datatype-jdk8\2.9.8\jackson-datatype-jdk8-2.9.8.jar;C:\Users\Preyansh\.m2\repository\com\fasterxml\jackson\datatype\jackson-datatype-jsr310\2.9.8\jackson-datatype-jsr310-2.9.8.jar;C:\Users\Preyansh\.m2\repository\com\fasterxml\jackson\module\jackson-module-parameter-names\2.9.8\jackson-module-parameter-names-2.9.8.jar;C:\Users\Preyansh\.m2\repository\org\springframework\boot\spring-boot-starter-tomcat\2.2.0.M2\spring-boot-starter-tomcat-2.2.0.M2.jar;C:\Users\Preyansh\.m2\repository\org\apache\tomcat\embed\tomcat-embed-core\9.0.17\tomcat-embed-core-9.0.17.jar;C:\Users\Preyansh\.m2\repository\org\apache\tomcat\embed\tomcat-embed-el\9.0.17\tomcat-embed-el-9.0.17.jar;C:\Users\Preyansh\.m2\repository\org\apache\tomcat\embed\tomcat-embed-websocket\9.0.17\tomcat-embed-websocket-9.0.17.jar;C:\Users\Preyansh\.m2\repository\org\springframework\boot\spring-boot-starter-validation\2.2.0.M2\spring-boot-starter-validation-2.2.0.M2.jar;C:\Users\Preyansh\.m2\repository\jakarta\validation\jakarta.validation-api\2.0.1\jakarta.validation-api-2.0.1.jar;C:\Users\Preyansh\.m2\repository\org\hibernate\validator\hibernate-validator\6.0.16.Final\hibernate-validator-6.0.16.Final.jar;C:\Users\Preyansh\.m2\repository\org\jboss\logging\jboss-logging\3.3.2.Final\jboss-logging-3.3.2.Final.jar;C:\Users\Preyansh\.m2\repository\com\fasterxml\classmate\1.5.0\classmate-1.5.0.jar;C:\Users\Preyansh\.m2\repository\org\springframework\spring-web\5.2.0.M1\spring-web-5.2.0.M1.jar;C:\Users\Preyansh\.m2\repository\org\springframework\spring-webmvc\5.2.0.M1\spring-webmvc-5.2.0.M1.jar;C:\Users\Preyansh\.m2\repository\org\springframework\spring-context\5.2.0.M1\spring-context-5.2.0.M1.jar;C:\Users\Preyansh\.m2\repository\org\springframework\spring-expression\5.2.0.M1\spring-expression-5.2.0.M1.jar;C:\Users\Preyansh\.m2\repository\org\springframework\boot\spring-boot-starter-websocket\2.2.0.M2\spring-boot-starter-websocket-2.2.0.M2.jar;C:\Users\Preyansh\.m2\repository\org\springframework\spring-messaging\5.2.0.M1\spring-messaging-5.2.0.M1.jar;C:\Users\Preyansh\.m2\repository\org\springframework\spring-websocket\5.2.0.M1\spring-websocket-5.2.0.M1.jar;C:\Users\Preyansh\.m2\repository\org\springframework\session\spring-session-core\2.2.0.M1\spring-session-core-2.2.0.M1.jar;C:\Users\Preyansh\.m2\repository\org\springframework\spring-jcl\5.2.0.M1\spring-jcl-5.2.0.M1.jar;C:\Users\Preyansh\.m2\repository\org\springframework\boot\spring-boot-devtools\2.2.0.M2\spring-boot-devtools-2.2.0.M2.jar;C:\Users\Preyansh\.m2\repository\org\springframework\boot\spring-boot\2.2.0.M2\spring-boot-2.2.0.M2.jar;C:\Users\Preyansh\.m2\repository\org\springframework\boot\spring-boot-autoconfigure\2.2.0.M2\spring-boot-autoconfigure-2.2.0.M2.jar;C:\Users\Preyansh\.m2\repository\org\postgresql\postgresql\42.2.5\postgresql-42.2.5.jar;C:\Users\Preyansh\.m2\repository\org\springframework\boot\spring-boot-starter-test\2.2.0.M2\spring-boot-starter-test-2.2.0.M2.jar;C:\Users\Preyansh\.m2\repository\org\springframework\boot\spring-boot-test\2.2.0.M2\spring-boot-test-2.2.0.M2.jar;C:\Users\Preyansh\.m2\repository\org\springframework\boot\spring-boot-test-autoconfigure\2.2.0.M2\spring-boot-test-autoconfigure-2.2.0.M2.jar;C:\Users\Preyansh\.m2\repository\com\jayway\jsonpath\json-path\2.4.0\json-path-2.4.0.jar;C:\Users\Preyansh\.m2\repository\net\minidev\json-smart\2.3\json-smart-2.3.jar;C:\Users\Preyansh\.m2\repository\net\minidev\accessors-smart\1.2\accessors-smart-1.2.jar;C:\Users\Preyansh\.m2\repository\org\ow2\asm\asm\5.0.4\asm-5.0.4.jar;C:\Users\Preyansh\.m2\repository\org\slf4j\slf4j-api\1.7.26\slf4j-api-1.7.26.jar;C:\Users\Preyansh\.m2\repository\jakarta\xml\bind\jakarta.xml.bind-api\2.3.2\jakarta.xml.bind-api-2.3.2.jar;C:\Users\Preyansh\.m2\repository\jakarta\activation\jakarta.activation-api\1.2.1\jakarta.activation-api-1.2.1.jar;C:\Users\Preyansh\.m2\repository\junit\junit\4.12\junit-4.12.jar;C:\Users\Preyansh\.m2\repository\org\assertj\assertj-core\3.12.2\assertj-core-3.12.2.jar;C:\Users\Preyansh\.m2\repository\org\hamcrest\hamcrest-core\1.3\hamcrest-core-1.3.jar;C:\Users\Preyansh\.m2\repository\org\hamcrest\hamcrest-library\1.3\hamcrest-library-1.3.jar;C:\Users\Preyansh\.m2\repository\org\mockito\mockito-core\2.25.1\mockito-core-2.25.1.jar;C:\Users\Preyansh\.m2\repository\net\bytebuddy\byte-buddy\1.9.12\byte-buddy-1.9.12.jar;C:\Users\Preyansh\.m2\repository\net\bytebuddy\byte-buddy-agent\1.9.12\byte-buddy-agent-1.9.12.jar;C:\Users\Preyansh\.m2\repository\org\objenesis\objenesis\2.6\objenesis-2.6.jar;C:\Users\Preyansh\.m2\repository\org\skyscreamer\jsonassert\1.5.0\jsonassert-1.5.0.jar;C:\Users\Preyansh\.m2\repository\com\vaadin\external\google\android-json\0.0.20131108.vaadin1\android-json-0.0.20131108.vaadin1.jar;C:\Users\Preyansh\.m2\repository\org\springframework\spring-core\5.2.0.M1\spring-core-5.2.0.M1.jar;C:\Users\Preyansh\.m2\repository\org\springframework\spring-test\5.2.0.M1\spring-test-5.2.0.M1.jar;C:\Users\Preyansh\.m2\repository\org\xmlunit\xmlunit-core\2.6.2\xmlunit-core-2.6.2.jar;C:\Users\Preyansh\.m2\repository\javax\persistence\persistence-api\1.0.2\persistence-api-1.0.2.jar;C:\Users\Preyansh\.m2\repository\org\springframework\boot\spring-boot-starter-data-jdbc\2.2.0.M2\spring-boot-starter-data-jdbc-2.2.0.M2.jar;C:\Users\Preyansh\.m2\repository\org\springframework\boot\spring-boot-starter-jdbc\2.2.0.M2\spring-boot-starter-jdbc-2.2.0.M2.jar;C:\Users\Preyansh\.m2\repository\com\zaxxer\HikariCP\3.3.1\HikariCP-3.3.1.jar;C:\Users\Preyansh\.m2\repository\org\springframework\spring-jdbc\5.2.0.M1\spring-jdbc-5.2.0.M1.jar;C:\Users\Preyansh\.m2\repository\org\springframework\data\spring-data-jdbc\1.1.0.M3\spring-data-jdbc-1.1.0.M3.jar;C:\Users\Preyansh\.m2\repository\org\springframework\data\spring-data-relational\1.1.0.M3\spring-data-relational-1.1.0.M3.jar;C:\Users\Preyansh\.m2\repository\org\springframework\data\spring-data-commons\2.2.0.M3\spring-data-commons-2.2.0.M3.jar;C:\Users\Preyansh\.m2\repository\org\springframework\spring-tx\5.2.0.M1\spring-tx-5.2.0.M1.jar;C:\Users\Preyansh\.m2\repository\org\assertj\assertj-swing-junit\3.9.2\assertj-swing-junit-3.9.2.jar;C:\Users\Preyansh\.m2\repository\org\assertj\assertj-swing\3.9.2\assertj-swing-3.9.2.jar;C:\Users\Preyansh\.m2\repository\org\easytesting\fest-util\1.2.5\fest-util-1.2.5.jar;C:\Users\Preyansh\.m2\repository\org\easytesting\fest-reflect\1.4.1\fest-reflect-1.4.1.jar;"/>
    <property name="sun.cpu.endian" value="little"/>
    <property name="user.home" value="C:\Users\Preyansh"/>
    <property name="user.language" value="en"/>
    <property name="java.specification.vendor" value="Oracle Corporation"/>
    <property name="java.home" value="C:\Program Files\Java\jdk1.8.0_211\jre"/>
    <property name="basedir" value="C:\Users\Preyansh\safeHome"/>
    <property name="file.separator" value="\"/>
    <property name="line.separator" value="&#10;"/>
    <property name="java.vm.specification.vendor" value="Oracle Corporation"/>
    <property name="java.specification.name" value="Java Platform API Specification"/>
    <property name="java.awt.graphicsenv" value="sun.awt.Win32GraphicsEnvironment"/>
    <property name="surefire.real.class.path" value="C:\Users\Preyansh\AppData\Local\Temp\surefire7181013425406448239\surefirebooter3984648451077499337.jar"/>
    <property name="sun.boot.class.path" value="C:\Program Files\Java\jdk1.8.0_211\jre\lib\resources.jar;C:\Program Files\Java\jdk1.8.0_211\jre\lib\rt.jar;C:\Program Files\Java\jdk1.8.0_211\jre\lib\sunrsasign.jar;C:\Program Files\Java\jdk1.8.0_211\jre\lib\jsse.jar;C:\Program Files\Java\jdk1.8.0_211\jre\lib\jce.jar;C:\Program Files\Java\jdk1.8.0_211\jre\lib\charsets.jar;C:\Program Files\Java\jdk1.8.0_211\jre\lib\jfr.jar;C:\Program Files\Java\jdk1.8.0_211\jre\classes"/>
    <property name="user.script" value=""/>
    <property name="sun.management.compiler" value="HotSpot 64-Bit Tiered Compilers"/>
    <property name="java.runtime.version" value="1.8.0_211-b12"/>
    <property name="user.name" value="Preyansh"/>
    <property name="path.separator" value=";"/>
    <property name="os.version" value="10.0"/>
    <property name="java.endorsed.dirs" value="C:\Program Files\Java\jdk1.8.0_211\jre\lib\endorsed"/>
    <property name="java.runtime.name" value="Java(TM) SE Runtime Environment"/>
    <property name="file.encoding" value="Cp1252"/>
    <property name="java.vm.name" value="Java HotSpot(TM) 64-Bit Server VM"/>
    <property name="localRepository" value="C:\Users\Preyansh\.m2\repository"/>
    <property name="java.vendor.url.bug" value="http://bugreport.sun.com/bugreport/"/>
    <property name="java.io.tmpdir" value="C:\Users\Preyansh\AppData\Local\Temp\"/>
    <property name="java.version" value="1.8.0_211"/>
    <property name="user.dir" value="C:\Users\Preyansh\safeHome"/>
    <property name="os.arch" value="amd64"/>
    <property name="java.vm.specification.name" value="Java Virtual Machine Specification"/>
    <property name="java.awt.printerjob" value="sun.awt.windows.WPrinterJob"/>
    <property name="sun.os.patch.level" value=""/>
    <property name="java.library.path" value="C:\Program Files\Java\jdk1.8.0_211\jre\bin;C:\WINDOWS\Sun\Java\bin;C:\WINDOWS\system32;C:\WINDOWS;C:\Program Files (x86)\Common Files\Oracle\Java\javapath;C:\Program Files (x86)\Intel\iCLS Client\;C:\Program Files\Intel\iCLS Client\;C:\WINDOWS\system32;C:\WINDOWS;C:\WINDOWS\System32\Wbem;C:\WINDOWS\System32\WindowsPowerShell\v1.0\;C:\Program Files (x86)\Intel\Intel(R) Management Engine Components\DAL;C:\Program Files\Intel\Intel(R) Management Engine Components\DAL;C:\Program Files (x86)\Intel\Intel(R) Management Engine Components\IPT;C:\Program Files\Intel\Intel(R) Management Engine Components\IPT;C:\Program Files\MiKTeX 2.9\miktex\bin\x64\;C:\MinGW\mingw64\bin;C:\Program Files\PuTTY\;C:\WINDOWS\System32\OpenSSH\;C:\Program Files\Git\cmd;C:\Program Files\nodejs\;C:\Program Files (x86)\sbt\bin;C:\Program Files (x86)\PharosSystems\Core;C:\Program Files (x86)\Yarn\bin\;C:\Program Files\PostgreSQL\11\bin;C:\Users\Preyansh\AppData\Local\Microsoft\WindowsApps;C:\Users\Preyansh\AppData\Local\GitHubDesktop\bin;C:\Users\Preyansh\AppData\Local\Microsoft\WindowsApps;C:\Users\Preyansh\AppData\Roaming\npm;C:\Gradle\gradle-5.4\bin;C:\Users\Preyansh\AppData\Local\Programs\Microsoft VS Code\bin;C:\Program Files\Java\jdk1.8.0_211\bin;C:\Program Files\Maven\apache-maven-3.6.1\bin;C:\Users\Preyansh\AppData\Local\Yarn\bin;C:\Program Files\heroku\bin;."/>
    <property name="java.vm.info" value="mixed mode"/>
    <property name="java.vendor" value="Oracle Corporation"/>
    <property name="java.vm.version" value="25.211-b12"/>
    <property name="java.ext.dirs" value="C:\Program Files\Java\jdk1.8.0_211\jre\lib\ext;C:\WINDOWS\Sun\Java\lib\ext"/>
    <property name="sun.io.unicode.encoding" value="UnicodeLittle"/>
    <property name="java.class.version" value="52.0"/>
  </properties>
  <testcase name="testValidRegisterAsStudent" classname="com.pkaushik.safeHome.SafeHomeApplicationTests" time="0.078">
    <error message="Required identifier property not found for class com.pkaushik.safeHome.model.Student!" type="java.lang.IllegalStateException">java.lang.IllegalStateException: Required identifier property not found for class com.pkaushik.safeHome.model.Student!
	at com.pkaushik.safeHome.SafeHomeApplicationTests.testValidRegisterAsStudent(SafeHomeApplicationTests.java:54)
</error>
  </testcase>
  <testcase name="testWalkerQueryList" classname="com.pkaushik.safeHome.SafeHomeApplicationTests" time="0.094">
    <error message="Required identifier property not found for class com.pkaushik.safeHome.model.Walker!" type="java.lang.IllegalStateException">java.lang.IllegalStateException: Required identifier property not found for class com.pkaushik.safeHome.model.Walker!
	at com.pkaushik.safeHome.SafeHomeApplicationTests.testWalkerQueryList(SafeHomeApplicationTests.java:181)
</error>
  </testcase>
  <testcase name="testStudentCanSelectAWalker" classname="com.pkaushik.safeHome.SafeHomeApplicationTests" time="0.078">
    <error message="Required identifier property not found for class com.pkaushik.safeHome.model.Walker!" type="java.lang.IllegalStateException">java.lang.IllegalStateException: Required identifier property not found for class com.pkaushik.safeHome.model.Walker!
	at com.pkaushik.safeHome.SafeHomeApplicationTests.testStudentCanSelectAWalker(SafeHomeApplicationTests.java:251)
</error>
  </testcase>
  <testcase name="testInvalidRegisterAsStudent" classname="com.pkaushik.safeHome.SafeHomeApplicationTests" time="0.109">
    <failure message="&#10;Expected: (an instance of java.lang.IllegalArgumentException and exception with message a string containing &quot;Please ensure you have entered correct credentials.&quot;)&#10;     but: an instance of java.lang.IllegalArgumentException &lt;java.lang.IllegalStateException: Required identifier property not found for class com.pkaushik.safeHome.model.Walker!&gt; is a java.lang.IllegalStateException&#10;Stacktrace was: java.lang.IllegalStateException: Required identifier property not found for class com.pkaushik.safeHome.model.Walker!&#10;	at org.springframework.data.mapping.PersistentEntity.getRequiredIdProperty(PersistentEntity.java:105)&#10;	at org.springframework.data.relational.core.mapping.RelationalPersistentEntityImpl.getIdColumn(RelationalPersistentEntityImpl.java:71)&#10;	at org.springframework.data.jdbc.core.SqlContext.getIdColumn(SqlContext.java:41)&#10;	at org.springframework.data.jdbc.core.SqlGenerator.getIdColumn(SqlGenerator.java:531)&#10;	at org.springframework.data.jdbc.core.SqlGenerator.createExistsSql(SqlGenerator.java:374)&#10;	at org.springframework.data.util.Lazy.getNullable(Lazy.java:211)&#10;	at org.springframework.data.util.Lazy.get(Lazy.java:94)&#10;	at org.springframework.data.jdbc.core.SqlGenerator.getExists(SqlGenerator.java:167)&#10;	at org.springframework.data.jdbc.core.DefaultDataAccessStrategy.existsById(DefaultDataAccessStrategy.java:302)&#10;	at org.springframework.data.jdbc.core.JdbcAggregateTemplate.existsById(JdbcAggregateTemplate.java:177)&#10;	at org.springframework.data.jdbc.repository.support.SimpleJdbcRepository.existsById(SimpleJdbcRepository.java:77)&#10;	at sun.reflect.NativeMethodAccessorImpl.invoke0(Native Method)&#10;	at sun.reflect.NativeMethodAccessorImpl.invoke(NativeMethodAccessorImpl.java:62)&#10;	at sun.reflect.DelegatingMethodAccessorImpl.invoke(DelegatingMethodAccessorImpl.java:43)&#10;	at java.lang.reflect.Method.invoke(Method.java:498)&#10;	at org.springframework.data.repository.core.support.RepositoryComposition$RepositoryFragments.invoke(RepositoryComposition.java:359)&#10;	at org.springframework.data.repository.core.support.RepositoryComposition.invoke(RepositoryComposition.java:200)&#10;	at org.springframework.data.repository.core.support.RepositoryFactorySupport$ImplementationMethodExecutionInterceptor.invoke(RepositoryFactorySupport.java:641)&#10;	at org.springframework.aop.framework.ReflectiveMethodInvocation.proceed(ReflectiveMethodInvocation.java:186)&#10;	at org.springframework.data.repository.core.support.RepositoryFactorySupport$QueryExecutorMethodInterceptor.doInvoke(RepositoryFactorySupport.java:605)&#10;	at org.springframework.data.repository.core.support.RepositoryFactorySupport$QueryExecutorMethodInterceptor.lambda$invoke$3(RepositoryFactorySupport.java:592)&#10;	at org.springframework.data.repository.core.support.RepositoryFactorySupport$QueryExecutorMethodInterceptor.invoke(RepositoryFactorySupport.java:592)&#10;	at org.springframework.aop.framework.ReflectiveMethodInvocation.proceed(ReflectiveMethodInvocation.java:186)&#10;	at org.springframework.data.projection.DefaultMethodInvokingMethodInterceptor.invoke(DefaultMethodInvokingMethodInterceptor.java:59)&#10;	at org.springframework.aop.framework.ReflectiveMethodInvocation.proceed(ReflectiveMethodInvocation.java:186)&#10;	at org.springframework.transaction.interceptor.TransactionAspectSupport.invokeWithinTransaction(TransactionAspectSupport.java:302)&#10;	at org.springframework.transaction.interceptor.TransactionInterceptor.invoke(TransactionInterceptor.java:98)&#10;	at org.springframework.aop.framework.ReflectiveMethodInvocation.proceed(ReflectiveMethodInvocation.java:186)&#10;	at org.springframework.dao.support.PersistenceExceptionTranslationInterceptor.invoke(PersistenceExceptionTranslationInterceptor.java:139)&#10;	at org.springframework.aop.framework.ReflectiveMethodInvocation.proceed(ReflectiveMethodInvocation.java:186)&#10;	at org.springframework.aop.interceptor.ExposeInvocationInterceptor.invoke(ExposeInvocationInterceptor.java:93)&#10;	at org.springframework.aop.framework.ReflectiveMethodInvocation.proceed(ReflectiveMethodInvocation.java:186)&#10;	at org.springframework.data.repository.core.support.SurroundingTransactionDetectorMethodInterceptor.invoke(SurroundingTransactionDetectorMethodInterceptor.java:61)&#10;	at org.springframework.aop.framework.ReflectiveMethodInvocation.proceed(ReflectiveMethodInvocation.java:186)&#10;	at org.springframework.aop.framework.JdkDynamicAopProxy.invoke(JdkDynamicAopProxy.java:212)&#10;	at com.sun.proxy.$Proxy96.existsById(Unknown Source)&#10;	at sun.reflect.NativeMethodAccessorImpl.invoke0(Native Method)&#10;	at sun.reflect.NativeMethodAccessorImpl.invoke(NativeMethodAccessorImpl.java:62)&#10;	at sun.reflect.DelegatingMethodAccessorImpl.invoke(DelegatingMethodAccessorImpl.java:43)&#10;	at java.lang.reflect.Method.invoke(Method.java:498)&#10;	at org.springframework.aop.support.AopUtils.invokeJoinpointUsingReflection(AopUtils.java:344)&#10;	at org.springframework.aop.framework.ReflectiveMethodInvocation.invokeJoinpoint(ReflectiveMethodInvocation.java:198)&#10;	at org.springframework.aop.framework.ReflectiveMethodInvocation.proceed(ReflectiveMethodInvocation.java:163)&#10;	at org.springframework.dao.support.PersistenceExceptionTranslationInterceptor.invoke(PersistenceExceptionTranslationInterceptor.java:139)&#10;	at org.springframework.aop.framework.ReflectiveMethodInvocation.proceed(ReflectiveMethodInvocation.java:186)&#10;	at org.springframework.aop.framework.JdkDynamicAopProxy.invoke(JdkDynamicAopProxy.java:212)&#10;	at com.sun.proxy.$Proxy96.existsById(Unknown Source)&#10;	at com.pkaushik.safeHome.service.impl.UserAuthService.registerService(UserAuthService.java:56)&#10;	at com.pkaushik.safeHome.SafeHomeApplicationTests.testInvalidRegisterAsStudent(SafeHomeApplicationTests.java:75)&#10;	at sun.reflect.NativeMethodAccessorImpl.invoke0(Native Method)&#10;	at sun.reflect.NativeMethodAccessorImpl.invoke(NativeMethodAccessorImpl.java:62)&#10;	at sun.reflect.DelegatingMethodAccessorImpl.invoke(DelegatingMethodAccessorImpl.java:43)&#10;	at java.lang.reflect.Method.invoke(Method.java:498)&#10;	at org.junit.runners.model.FrameworkMethod$1.runReflectiveCall(FrameworkMethod.java:50)&#10;	at org.junit.internal.runners.model.ReflectiveCallable.run(ReflectiveCallable.java:12)&#10;	at org.junit.runners.model.FrameworkMethod.invokeExplosively(FrameworkMethod.java:47)&#10;	at org.junit.internal.runners.statements.InvokeMethod.evaluate(InvokeMethod.java:17)&#10;	at org.springframework.test.context.junit4.statements.RunBeforeTestExecutionCallbacks.evaluate(RunBeforeTestExecutionCallbacks.java:74)&#10;	at org.springframework.test.context.junit4.statements.RunAfterTestExecutionCallbacks.evaluate(RunAfterTestExecutionCallbacks.java:84)&#10;	at org.springframework.test.context.junit4.statements.RunBeforeTestMethodCallbacks.evaluate(RunBeforeTestMethodCallbacks.java:75)&#10;	at org.springframework.test.context.junit4.statements.RunAfterTestMethodCallbacks.evaluate(RunAfterTestMethodCallbacks.java:86)&#10;	at org.junit.rules.ExpectedException$ExpectedExceptionStatement.evaluate(ExpectedException.java:239)&#10;	at org.junit.rules.RunRules.evaluate(RunRules.java:20)&#10;	at org.springframework.test.context.junit4.statements.SpringRepeat.evaluate(SpringRepeat.java:84)&#10;	at org.junit.runners.ParentRunner.runLeaf(ParentRunner.java:325)&#10;	at org.springframework.test.context.junit4.SpringJUnit4ClassRunner.runChild(SpringJUnit4ClassRunner.java:251)&#10;	at org.springframework.test.context.junit4.SpringJUnit4ClassRunner.runChild(SpringJUnit4ClassRunner.java:97)&#10;	at org.junit.runners.ParentRunner$3.run(ParentRunner.java:290)&#10;	at org.junit.runners.ParentRunner$1.schedule(ParentRunner.java:71)&#10;	at org.junit.runners.ParentRunner.runChildren(ParentRunner.java:288)&#10;	at org.junit.runners.ParentRunner.access$000(ParentRunner.java:58)&#10;	at org.junit.runners.ParentRunner$2.evaluate(ParentRunner.java:268)&#10;	at org.springframework.test.context.junit4.statements.RunBeforeTestClassCallbacks.evaluate(RunBeforeTestClassCallbacks.java:61)&#10;	at org.springframework.test.context.junit4.statements.RunAfterTestClassCallbacks.evaluate(RunAfterTestClassCallbacks.java:70)&#10;	at org.junit.runners.ParentRunner.run(ParentRunner.java:363)&#10;	at org.springframework.test.context.junit4.SpringJUnit4ClassRunner.run(SpringJUnit4ClassRunner.java:190)&#10;	at org.apache.maven.surefire.junit4.JUnit4Provider.execute(JUnit4Provider.java:365)&#10;	at org.apache.maven.surefire.junit4.JUnit4Provider.executeWithRerun(JUnit4Provider.java:273)&#10;	at org.apache.maven.surefire.junit4.JUnit4Provider.executeTestSet(JUnit4Provider.java:238)&#10;	at org.apache.maven.surefire.junit4.JUnit4Provider.invoke(JUnit4Provider.java:159)&#10;	at org.apache.maven.surefire.booter.ForkedBooter.invokeProviderInSameClassLoader(ForkedBooter.java:384)&#10;	at org.apache.maven.surefire.booter.ForkedBooter.runSuitesInProcess(ForkedBooter.java:345)&#10;	at org.apache.maven.surefire.booter.ForkedBooter.execute(ForkedBooter.java:126)&#10;	at org.apache.maven.surefire.booter.ForkedBooter.main(ForkedBooter.java:418)&#10;" type="java.lang.AssertionError"><![CDATA[java.lang.AssertionError: 

Expected: (an instance of java.lang.IllegalArgumentException and exception with message a string containing "Please ensure you have entered correct credentials.")
     but: an instance of java.lang.IllegalArgumentException <java.lang.IllegalStateException: Required identifier property not found for class com.pkaushik.safeHome.model.Walker!> is a java.lang.IllegalStateException
Stacktrace was: java.lang.IllegalStateException: Required identifier property not found for class com.pkaushik.safeHome.model.Walker!
	at org.springframework.data.mapping.PersistentEntity.getRequiredIdProperty(PersistentEntity.java:105)
	at org.springframework.data.relational.core.mapping.RelationalPersistentEntityImpl.getIdColumn(RelationalPersistentEntityImpl.java:71)
	at org.springframework.data.jdbc.core.SqlContext.getIdColumn(SqlContext.java:41)
	at org.springframework.data.jdbc.core.SqlGenerator.getIdColumn(SqlGenerator.java:531)
	at org.springframework.data.jdbc.core.SqlGenerator.createExistsSql(SqlGenerator.java:374)
	at org.springframework.data.util.Lazy.getNullable(Lazy.java:211)
	at org.springframework.data.util.Lazy.get(Lazy.java:94)
	at org.springframework.data.jdbc.core.SqlGenerator.getExists(SqlGenerator.java:167)
	at org.springframework.data.jdbc.core.DefaultDataAccessStrategy.existsById(DefaultDataAccessStrategy.java:302)
	at org.springframework.data.jdbc.core.JdbcAggregateTemplate.existsById(JdbcAggregateTemplate.java:177)
	at org.springframework.data.jdbc.repository.support.SimpleJdbcRepository.existsById(SimpleJdbcRepository.java:77)
	at sun.reflect.NativeMethodAccessorImpl.invoke0(Native Method)
	at sun.reflect.NativeMethodAccessorImpl.invoke(NativeMethodAccessorImpl.java:62)
	at sun.reflect.DelegatingMethodAccessorImpl.invoke(DelegatingMethodAccessorImpl.java:43)
	at java.lang.reflect.Method.invoke(Method.java:498)
	at org.springframework.data.repository.core.support.RepositoryComposition$RepositoryFragments.invoke(RepositoryComposition.java:359)
	at org.springframework.data.repository.core.support.RepositoryComposition.invoke(RepositoryComposition.java:200)
	at org.springframework.data.repository.core.support.RepositoryFactorySupport$ImplementationMethodExecutionInterceptor.invoke(RepositoryFactorySupport.java:641)
	at org.springframework.aop.framework.ReflectiveMethodInvocation.proceed(ReflectiveMethodInvocation.java:186)
	at org.springframework.data.repository.core.support.RepositoryFactorySupport$QueryExecutorMethodInterceptor.doInvoke(RepositoryFactorySupport.java:605)
	at org.springframework.data.repository.core.support.RepositoryFactorySupport$QueryExecutorMethodInterceptor.lambda$invoke$3(RepositoryFactorySupport.java:592)
	at org.springframework.data.repository.core.support.RepositoryFactorySupport$QueryExecutorMethodInterceptor.invoke(RepositoryFactorySupport.java:592)
	at org.springframework.aop.framework.ReflectiveMethodInvocation.proceed(ReflectiveMethodInvocation.java:186)
	at org.springframework.data.projection.DefaultMethodInvokingMethodInterceptor.invoke(DefaultMethodInvokingMethodInterceptor.java:59)
	at org.springframework.aop.framework.ReflectiveMethodInvocation.proceed(ReflectiveMethodInvocation.java:186)
	at org.springframework.transaction.interceptor.TransactionAspectSupport.invokeWithinTransaction(TransactionAspectSupport.java:302)
	at org.springframework.transaction.interceptor.TransactionInterceptor.invoke(TransactionInterceptor.java:98)
	at org.springframework.aop.framework.ReflectiveMethodInvocation.proceed(ReflectiveMethodInvocation.java:186)
	at org.springframework.dao.support.PersistenceExceptionTranslationInterceptor.invoke(PersistenceExceptionTranslationInterceptor.java:139)
	at org.springframework.aop.framework.ReflectiveMethodInvocation.proceed(ReflectiveMethodInvocation.java:186)
	at org.springframework.aop.interceptor.ExposeInvocationInterceptor.invoke(ExposeInvocationInterceptor.java:93)
	at org.springframework.aop.framework.ReflectiveMethodInvocation.proceed(ReflectiveMethodInvocation.java:186)
	at org.springframework.data.repository.core.support.SurroundingTransactionDetectorMethodInterceptor.invoke(SurroundingTransactionDetectorMethodInterceptor.java:61)
	at org.springframework.aop.framework.ReflectiveMethodInvocation.proceed(ReflectiveMethodInvocation.java:186)
	at org.springframework.aop.framework.JdkDynamicAopProxy.invoke(JdkDynamicAopProxy.java:212)
	at com.sun.proxy.$Proxy96.existsById(Unknown Source)
	at sun.reflect.NativeMethodAccessorImpl.invoke0(Native Method)
	at sun.reflect.NativeMethodAccessorImpl.invoke(NativeMethodAccessorImpl.java:62)
	at sun.reflect.DelegatingMethodAccessorImpl.invoke(DelegatingMethodAccessorImpl.java:43)
	at java.lang.reflect.Method.invoke(Method.java:498)
	at org.springframework.aop.support.AopUtils.invokeJoinpointUsingReflection(AopUtils.java:344)
	at org.springframework.aop.framework.ReflectiveMethodInvocation.invokeJoinpoint(ReflectiveMethodInvocation.java:198)
	at org.springframework.aop.framework.ReflectiveMethodInvocation.proceed(ReflectiveMethodInvocation.java:163)
	at org.springframework.dao.support.PersistenceExceptionTranslationInterceptor.invoke(PersistenceExceptionTranslationInterceptor.java:139)
	at org.springframework.aop.framework.ReflectiveMethodInvocation.proceed(ReflectiveMethodInvocation.java:186)
	at org.springframework.aop.framework.JdkDynamicAopProxy.invoke(JdkDynamicAopProxy.java:212)
	at com.sun.proxy.$Proxy96.existsById(Unknown Source)
	at com.pkaushik.safeHome.service.impl.UserAuthService.registerService(UserAuthService.java:56)
	at com.pkaushik.safeHome.SafeHomeApplicationTests.testInvalidRegisterAsStudent(SafeHomeApplicationTests.java:75)
	at sun.reflect.NativeMethodAccessorImpl.invoke0(Native Method)
	at sun.reflect.NativeMethodAccessorImpl.invoke(NativeMethodAccessorImpl.java:62)
	at sun.reflect.DelegatingMethodAccessorImpl.invoke(DelegatingMethodAccessorImpl.java:43)
	at java.lang.reflect.Method.invoke(Method.java:498)
	at org.junit.runners.model.FrameworkMethod$1.runReflectiveCall(FrameworkMethod.java:50)
	at org.junit.internal.runners.model.ReflectiveCallable.run(ReflectiveCallable.java:12)
	at org.junit.runners.model.FrameworkMethod.invokeExplosively(FrameworkMethod.java:47)
	at org.junit.internal.runners.statements.InvokeMethod.evaluate(InvokeMethod.java:17)
	at org.springframework.test.context.junit4.statements.RunBeforeTestExecutionCallbacks.evaluate(RunBeforeTestExecutionCallbacks.java:74)
	at org.springframework.test.context.junit4.statements.RunAfterTestExecutionCallbacks.evaluate(RunAfterTestExecutionCallbacks.java:84)
	at org.springframework.test.context.junit4.statements.RunBeforeTestMethodCallbacks.evaluate(RunBeforeTestMethodCallbacks.java:75)
	at org.springframework.test.context.junit4.statements.RunAfterTestMethodCallbacks.evaluate(RunAfterTestMethodCallbacks.java:86)
	at org.junit.rules.ExpectedException$ExpectedExceptionStatement.evaluate(ExpectedException.java:239)
	at org.junit.rules.RunRules.evaluate(RunRules.java:20)
	at org.springframework.test.context.junit4.statements.SpringRepeat.evaluate(SpringRepeat.java:84)
	at org.junit.runners.ParentRunner.runLeaf(ParentRunner.java:325)
	at org.springframework.test.context.junit4.SpringJUnit4ClassRunner.runChild(SpringJUnit4ClassRunner.java:251)
	at org.springframework.test.context.junit4.SpringJUnit4ClassRunner.runChild(SpringJUnit4ClassRunner.java:97)
	at org.junit.runners.ParentRunner$3.run(ParentRunner.java:290)
	at org.junit.runners.ParentRunner$1.schedule(ParentRunner.java:71)
	at org.junit.runners.ParentRunner.runChildren(ParentRunner.java:288)
	at org.junit.runners.ParentRunner.access$000(ParentRunner.java:58)
	at org.junit.runners.ParentRunner$2.evaluate(ParentRunner.java:268)
	at org.springframework.test.context.junit4.statements.RunBeforeTestClassCallbacks.evaluate(RunBeforeTestClassCallbacks.java:61)
	at org.springframework.test.context.junit4.statements.RunAfterTestClassCallbacks.evaluate(RunAfterTestClassCallbacks.java:70)
	at org.junit.runners.ParentRunner.run(ParentRunner.java:363)
	at org.springframework.test.context.junit4.SpringJUnit4ClassRunner.run(SpringJUnit4ClassRunner.java:190)
	at org.apache.maven.surefire.junit4.JUnit4Provider.execute(JUnit4Provider.java:365)
	at org.apache.maven.surefire.junit4.JUnit4Provider.executeWithRerun(JUnit4Provider.java:273)
	at org.apache.maven.surefire.junit4.JUnit4Provider.executeTestSet(JUnit4Provider.java:238)
	at org.apache.maven.surefire.junit4.JUnit4Provider.invoke(JUnit4Provider.java:159)
	at org.apache.maven.surefire.booter.ForkedBooter.invokeProviderInSameClassLoader(ForkedBooter.java:384)
	at org.apache.maven.surefire.booter.ForkedBooter.runSuitesInProcess(ForkedBooter.java:345)
	at org.apache.maven.surefire.booter.ForkedBooter.execute(ForkedBooter.java:126)
	at org.apache.maven.surefire.booter.ForkedBooter.main(ForkedBooter.java:418)

]]></failure>
  </testcase>
  <testcase name="testLogInAsStudentOnly" classname="com.pkaushik.safeHome.SafeHomeApplicationTests" time="0.078">
    <error message="Required identifier property not found for class com.pkaushik.safeHome.model.Student!" type="java.lang.IllegalStateException">java.lang.IllegalStateException: Required identifier property not found for class com.pkaushik.safeHome.model.Student!
	at com.pkaushik.safeHome.SafeHomeApplicationTests.testLogInAsStudentOnly(SafeHomeApplicationTests.java:104)
</error>
  </testcase>
  <testcase name="testStudentQueryList" classname="com.pkaushik.safeHome.SafeHomeApplicationTests" time="0.063">
    <error message="Required identifier property not found for class com.pkaushik.safeHome.model.Student!" type="java.lang.IllegalStateException">java.lang.IllegalStateException: Required identifier property not found for class com.pkaushik.safeHome.model.Student!
	at com.pkaushik.safeHome.SafeHomeApplicationTests.testStudentQueryList(SafeHomeApplicationTests.java:196)
</error>
  </testcase>
  <testcase name="testUserMapList" classname="com.pkaushik.safeHome.SafeHomeApplicationTests" time="0.14">
    <error message="Required identifier property not found for class com.pkaushik.safeHome.model.Walker!" type="java.lang.IllegalStateException">java.lang.IllegalStateException: Required identifier property not found for class com.pkaushik.safeHome.model.Walker!
	at com.pkaushik.safeHome.SafeHomeApplicationTests.testUserMapList(SafeHomeApplicationTests.java:154)
</error>
  </testcase>
  <testcase name="testValidRegisterAsWalker" classname="com.pkaushik.safeHome.SafeHomeApplicationTests" time="0.063">
    <error message="Required identifier property not found for class com.pkaushik.safeHome.model.Walker!" type="java.lang.IllegalStateException">java.lang.IllegalStateException: Required identifier property not found for class com.pkaushik.safeHome.model.Walker!
	at com.pkaushik.safeHome.SafeHomeApplicationTests.testValidRegisterAsWalker(SafeHomeApplicationTests.java:81)
</error>
  </testcase>
  <testcase name="testLogOutAfterLogIn" classname="com.pkaushik.safeHome.SafeHomeApplicationTests" time="0.094">
    <error message="Required identifier property not found for class com.pkaushik.safeHome.model.Walker!" type="java.lang.IllegalStateException">java.lang.IllegalStateException: Required identifier property not found for class com.pkaushik.safeHome.model.Walker!
	at com.pkaushik.safeHome.SafeHomeApplicationTests.testLogOutAfterLogIn(SafeHomeApplicationTests.java:142)
</error>
  </testcase>
  <testcase name="testWalkerHasSchedule" classname="com.pkaushik.safeHome.SafeHomeApplicationTests" time="0.078">
    <error message="Required identifier property not found for class com.pkaushik.safeHome.model.Walker!" type="java.lang.IllegalStateException">java.lang.IllegalStateException: Required identifier property not found for class com.pkaushik.safeHome.model.Walker!
	at com.pkaushik.safeHome.SafeHomeApplicationTests.testWalkerHasSchedule(SafeHomeApplicationTests.java:234)
</error>
  </testcase>
  <testcase name="testLogInWithoutRegister" classname="com.pkaushik.safeHome.SafeHomeApplicationTests" time="0.093">
    <failure message="Expected test to throw (an instance of java.lang.IllegalArgumentException and exception with message a string containing &quot;The user does not exist. Please create an account first.&quot;)" type="java.lang.AssertionError">java.lang.AssertionError: Expected test to throw (an instance of java.lang.IllegalArgumentException and exception with message a string containing "The user does not exist. Please create an account first.")
</failure>
  </testcase>
  <testcase name="testWalkersDTO" classname="com.pkaushik.safeHome.SafeHomeApplicationTests" time="0.125">
    <error message="Required identifier property not found for class com.pkaushik.safeHome.model.Walker!" type="java.lang.IllegalStateException">java.lang.IllegalStateException: Required identifier property not found for class com.pkaushik.safeHome.model.Walker!
	at com.pkaushik.safeHome.SafeHomeApplicationTests.testWalkersDTO(SafeHomeApplicationTests.java:220)
</error>
  </testcase>
  <testcase name="testPassLogInAsWalker" classname="com.pkaushik.safeHome.SafeHomeApplicationTests" time="0.078">
    <error message="Required identifier property not found for class com.pkaushik.safeHome.model.Walker!" type="java.lang.IllegalStateException">java.lang.IllegalStateException: Required identifier property not found for class com.pkaushik.safeHome.model.Walker!
	at com.pkaushik.safeHome.SafeHomeApplicationTests.testPassLogInAsWalker(SafeHomeApplicationTests.java:124)
</error>
  </testcase>
  <testcase name="contextLoads" classname="com.pkaushik.safeHome.SafeHomeApplicationTests" time="0"/>
  <testcase name="testFailLogInAsWalker" classname="com.pkaushik.safeHome.SafeHomeApplicationTests" time="0.079">
    <error message="Required identifier property not found for class com.pkaushik.safeHome.model.Student!" type="java.lang.IllegalStateException">java.lang.IllegalStateException: Required identifier property not found for class com.pkaushik.safeHome.model.Student!
	at com.pkaushik.safeHome.SafeHomeApplicationTests.testFailLogInAsWalker(SafeHomeApplicationTests.java:113)
</error>
  </testcase>
  <testcase name="testUserQueryList" classname="com.pkaushik.safeHome.SafeHomeApplicationTests" time="0.085">
    <error message="Required identifier property not found for class com.pkaushik.safeHome.model.Walker!" type="java.lang.IllegalStateException">java.lang.IllegalStateException: Required identifier property not found for class com.pkaushik.safeHome.model.Walker!
	at com.pkaushik.safeHome.SafeHomeApplicationTests.testUserQueryList(SafeHomeApplicationTests.java:167)
</error>
  </testcase>
</testsuite>